# JRE version: OpenJDK Runtime Environment (17.0.9) (build 17.0.9+0--11185874)
# Java VM: OpenJDK 64-Bit Server VM (17.0.9+0--11185874, mixed mode, tiered, compressed oops, compressed class ptrs, g1 gc, windows-amd64)
GC Precious Log:
 CPUs: 4 total, 4 available
 Memory: 18382M
 Large Page Support: Disabled
 NUMA Support: Disabled
 Compressed Oops: Enabled (32-bit)
 Heap Region Size: 1M
 Heap Min Capacity: 8M
 Heap Initial Capacity: 288M
 Heap Max Capacity: 2G
 Pre-touch: Disabled
 Parallel Workers: 4
 Concurrent Workers: 1
 Concurrent Refinement Workers: 4
 Periodic GC: Disabled
Heap:
 garbage-first heap   total 182272K, used 111336K [0x0000000080000000, 0x0000000100000000)
  region size 1024K, 82 young (83968K), 1 survivors (1024K)
 Metaspace       used 49926K, committed 50368K, reserved 1114112K
  class space    used 6755K, committed 6976K, reserved 1048576K
GC Heap History (20 events):
Event: 1.589 GC heap before
{Heap before GC invocations=1 (full 0):
 garbage-first heap   total 294912K, used 24465K [0x0000000080000000, 0x0000000100000000)
  region size 1024K, 18 young (18432K), 2 survivors (2048K)
 Metaspace       used 11424K, committed 11584K, reserved 1114112K
  class space    used 1196K, committed 1280K, reserved 1048576K
}
Event: 1.593 GC heap after
{Heap after GC invocations=2 (full 0):
 garbage-first heap   total 294912K, used 10689K [0x0000000080000000, 0x0000000100000000)
  region size 1024K, 3 young (3072K), 3 survivors (3072K)
 Metaspace       used 11424K, committed 11584K, reserved 1114112K
  class space    used 1196K, committed 1280K, reserved 1048576K
}
Event: 2.241 GC heap before
{Heap before GC invocations=2 (full 0):
 garbage-first heap   total 294912K, used 33217K [0x0000000080000000, 0x0000000100000000)
  region size 1024K, 25 young (25600K), 3 survivors (3072K)
 Metaspace       used 11514K, committed 11648K, reserved 1114112K
  class space    used 1197K, committed 1280K, reserved 1048576K
}
Event: 2.244 GC heap after
{Heap after GC invocations=3 (full 0):
 garbage-first heap   total 294912K, used 11851K [0x0000000080000000, 0x0000000100000000)
  region size 1024K, 2 young (2048K), 2 survivors (2048K)
 Metaspace       used 11514K, committed 11648K, reserved 1114112K
  class space    used 1197K, committed 1280K, reserved 1048576K
}
Event: 4.895 GC heap before
{Heap before GC invocations=3 (full 0):
 garbage-first heap   total 294912K, used 56907K [0x0000000080000000, 0x0000000100000000)
  region size 1024K, 47 young (48128K), 2 survivors (2048K)
 Metaspace       used 21307K, committed 21504K, reserved 1114112K
  class space    used 2518K, committed 2624K, reserved 1048576K
}
Event: 4.903 GC heap after
{Heap after GC invocations=4 (full 0):
 garbage-first heap   total 294912K, used 18690K [0x0000000080000000, 0x0000000100000000)
  region size 1024K, 8 young (8192K), 8 survivors (8192K)
 Metaspace       used 21307K, committed 21504K, reserved 1114112K
  class space    used 2518K, committed 2624K, reserved 1048576K
}
Event: 6.140 GC heap before
{Heap before GC invocations=5 (full 0):
 garbage-first heap   total 68608K, used 50434K [0x0000000080000000, 0x0000000100000000)
  region size 1024K, 40 young (40960K), 8 survivors (8192K)
 Metaspace       used 26437K, committed 26688K, reserved 1114112K
  class space    used 3401K, committed 3520K, reserved 1048576K
}
Event: 6.149 GC heap after
{Heap after GC invocations=6 (full 0):
 garbage-first heap   total 68608K, used 20445K [0x0000000080000000, 0x0000000100000000)
  region size 1024K, 2 young (2048K), 2 survivors (2048K)
 Metaspace       used 26437K, committed 26688K, reserved 1114112K
  class space    used 3401K, committed 3520K, reserved 1048576K
}
Event: 6.183 GC heap before
{Heap before GC invocations=6 (full 0):
 garbage-first heap   total 68608K, used 20445K [0x0000000080000000, 0x0000000100000000)
  region size 1024K, 3 young (3072K), 2 survivors (2048K)
 Metaspace       used 26560K, committed 26816K, reserved 1114112K
  class space    used 3425K, committed 3520K, reserved 1048576K
}
Event: 6.187 GC heap after
{Heap after GC invocations=7 (full 0):
 garbage-first heap   total 68608K, used 20934K [0x0000000080000000, 0x0000000100000000)
  region size 1024K, 1 young (1024K), 1 survivors (1024K)
 Metaspace       used 26560K, committed 26816K, reserved 1114112K
  class space    used 3425K, committed 3520K, reserved 1048576K
}
Event: 7.117 GC heap before
{Heap before GC invocations=7 (full 0):
 garbage-first heap   total 68608K, used 48582K [0x0000000080000000, 0x0000000100000000)
  region size 1024K, 28 young (28672K), 1 survivors (1024K)
 Metaspace       used 30350K, committed 30592K, reserved 1114112K
  class space    used 4032K, committed 4160K, reserved 1048576K
}
Event: 7.122 GC heap after
{Heap after GC invocations=8 (full 0):
 garbage-first heap   total 68608K, used 22499K [0x0000000080000000, 0x0000000100000000)
  region size 1024K, 2 young (2048K), 2 survivors (2048K)
 Metaspace       used 30350K, committed 30592K, reserved 1114112K
  class space    used 4032K, committed 4160K, reserved 1048576K
}
Event: 8.000 GC heap before
{Heap before GC invocations=8 (full 0):
 garbage-first heap   total 68608K, used 51171K [0x0000000080000000, 0x0000000100000000)
  region size 1024K, 30 young (30720K), 2 survivors (2048K)
 Metaspace       used 33775K, committed 34112K, reserved 1114112K
  class space    used 4598K, committed 4736K, reserved 1048576K
}
Event: 8.009 GC heap after
{Heap after GC invocations=9 (full 0):
 garbage-first heap   total 68608K, used 23295K [0x0000000080000000, 0x0000000100000000)
  region size 1024K, 3 young (3072K), 3 survivors (3072K)
 Metaspace       used 33775K, committed 34112K, reserved 1114112K
  class space    used 4598K, committed 4736K, reserved 1048576K
}
Event: 8.344 GC heap before
{Heap before GC invocations=9 (full 0):
 garbage-first heap   total 68608K, used 33535K [0x0000000080000000, 0x0000000100000000)
  region size 1024K, 15 young (15360K), 3 survivors (3072K)
 Metaspace       used 35834K, committed 36160K, reserved 1114112K
  class space    used 4890K, committed 5056K, reserved 1048576K
}
Event: 8.354 GC heap after
{Heap after GC invocations=10 (full 0):
 garbage-first heap   total 68608K, used 24021K [0x0000000080000000, 0x0000000100000000)
  region size 1024K, 2 young (2048K), 2 survivors (2048K)
 Metaspace       used 35834K, committed 36160K, reserved 1114112K
  class space    used 4890K, committed 5056K, reserved 1048576K
}
Event: 9.250 GC heap before
{Heap before GC invocations=11 (full 0):
 garbage-first heap   total 68608K, used 52693K [0x0000000080000000, 0x0000000100000000)
  region size 1024K, 31 young (31744K), 2 survivors (2048K)
 Metaspace       used 40997K, committed 41344K, reserved 1114112K
  class space    used 5421K, committed 5568K, reserved 1048576K
}
Event: 9.259 GC heap after
{Heap after GC invocations=12 (full 0):
 garbage-first heap   total 68608K, used 28120K [0x0000000080000000, 0x0000000100000000)
  region size 1024K, 4 young (4096K), 4 survivors (4096K)
 Metaspace       used 40997K, committed 41344K, reserved 1114112K
  class space    used 5421K, committed 5568K, reserved 1048576K
}
Event: 9.266 GC heap before
{Heap before GC invocations=12 (full 0):
 garbage-first heap   total 68608K, used 29144K [0x0000000080000000, 0x0000000100000000)
  region size 1024K, 5 young (5120K), 4 survivors (4096K)
 Metaspace       used 40997K, committed 41344K, reserved 1114112K
  class space    used 5421K, committed 5568K, reserved 1048576K
}
Event: 9.274 GC heap after
{Heap after GC invocations=13 (full 0):
 garbage-first heap   total 182272K, used 28392K [0x0000000080000000, 0x0000000100000000)
  region size 1024K, 1 young (1024K), 1 survivors (1024K)
 Metaspace       used 40997K, committed 41344K, reserved 1114112K
  class space    used 5421K, committed 5568K, reserved 1048576K
}

