# JRE version: OpenJDK Runtime Environment (17.0.9) (build 17.0.9+0--11185874)
# Java VM: OpenJDK 64-Bit Server VM (17.0.9+0--11185874, mixed mode, tiered, compressed oops, compressed class ptrs, g1 gc, windows-amd64)
GC Precious Log:
 CPUs: 4 total, 4 available
 Memory: 18382M
 Large Page Support: Disabled
 NUMA Support: Disabled
 Compressed Oops: Enabled (32-bit)
 Heap Region Size: 1M
 Heap Min Capacity: 8M
 Heap Initial Capacity: 288M
 Heap Max Capacity: 2G
 Pre-touch: Disabled
 Parallel Workers: 4
 Concurrent Workers: 1
 Concurrent Refinement Workers: 4
 Periodic GC: Disabled
Heap:
 garbage-first heap   total 281600K, used 108174K [0x0000000080000000, 0x0000000100000000)
  region size 1024K, 29 young (29696K), 4 survivors (4096K)
 Metaspace       used 103648K, committed 104320K, reserved 1179648K
  class space    used 14144K, committed 14464K, reserved 1048576K
GC Heap History (20 events):
Event: 53.013 GC heap before
{Heap before GC invocations=45 (full 0):
 garbage-first heap   total 121856K, used 101419K [0x0000000080000000, 0x0000000100000000)
  region size 1024K, 39 young (39936K), 5 survivors (5120K)
 Metaspace       used 87114K, committed 87744K, reserved 1179648K
  class space    used 11892K, committed 12224K, reserved 1048576K
}
Event: 53.023 GC heap after
{Heap after GC invocations=46 (full 0):
 garbage-first heap   total 121856K, used 66798K [0x0000000080000000, 0x0000000100000000)
  region size 1024K, 3 young (3072K), 3 survivors (3072K)
 Metaspace       used 87114K, committed 87744K, reserved 1179648K
  class space    used 11892K, committed 12224K, reserved 1048576K
}
Event: 54.549 GC heap before
{Heap before GC invocations=46 (full 0):
 garbage-first heap   total 121856K, used 101614K [0x0000000080000000, 0x0000000100000000)
  region size 1024K, 37 young (37888K), 3 survivors (3072K)
 Metaspace       used 89641K, committed 90368K, reserved 1179648K
  class space    used 12277K, committed 12608K, reserved 1048576K
}
Event: 54.559 GC heap after
{Heap after GC invocations=47 (full 0):
 garbage-first heap   total 121856K, used 68436K [0x0000000080000000, 0x0000000100000000)
  region size 1024K, 4 young (4096K), 4 survivors (4096K)
 Metaspace       used 89641K, committed 90368K, reserved 1179648K
  class space    used 12277K, committed 12608K, reserved 1048576K
}
Event: 56.185 GC heap before
{Heap before GC invocations=48 (full 0):
 garbage-first heap   total 121856K, used 103252K [0x0000000080000000, 0x0000000100000000)
  region size 1024K, 38 young (38912K), 4 survivors (4096K)
 Metaspace       used 92591K, committed 93312K, reserved 1179648K
  class space    used 12712K, committed 13056K, reserved 1048576K
}
Event: 56.200 GC heap after
{Heap after GC invocations=49 (full 0):
 garbage-first heap   total 121856K, used 70319K [0x0000000080000000, 0x0000000100000000)
  region size 1024K, 5 young (5120K), 5 survivors (5120K)
 Metaspace       used 92591K, committed 93312K, reserved 1179648K
  class space    used 12712K, committed 13056K, reserved 1048576K
}
Event: 56.239 GC heap before
{Heap before GC invocations=49 (full 0):
 garbage-first heap   total 121856K, used 71343K [0x0000000080000000, 0x0000000100000000)
  region size 1024K, 6 young (6144K), 5 survivors (5120K)
 Metaspace       used 92637K, committed 93376K, reserved 1179648K
  class space    used 12718K, committed 13056K, reserved 1048576K
}
Event: 56.253 GC heap after
{Heap after GC invocations=50 (full 0):
 garbage-first heap   total 121856K, used 70134K [0x0000000080000000, 0x0000000100000000)
  region size 1024K, 1 young (1024K), 1 survivors (1024K)
 Metaspace       used 92637K, committed 93376K, reserved 1179648K
  class space    used 12718K, committed 13056K, reserved 1048576K
}
Event: 57.740 GC heap before
{Heap before GC invocations=50 (full 0):
 garbage-first heap   total 121856K, used 102902K [0x0000000080000000, 0x0000000100000000)
  region size 1024K, 33 young (33792K), 1 survivors (1024K)
 Metaspace       used 95180K, committed 95872K, reserved 1179648K
  class space    used 13136K, committed 13440K, reserved 1048576K
}
Event: 57.749 GC heap after
{Heap after GC invocations=51 (full 0):
 garbage-first heap   total 121856K, used 70703K [0x0000000080000000, 0x0000000100000000)
  region size 1024K, 2 young (2048K), 2 survivors (2048K)
 Metaspace       used 95180K, committed 95872K, reserved 1179648K
  class space    used 13136K, committed 13440K, reserved 1048576K
}
Event: 59.513 GC heap before
{Heap before GC invocations=51 (full 0):
 garbage-first heap   total 121856K, used 102447K [0x0000000080000000, 0x0000000100000000)
  region size 1024K, 33 young (33792K), 2 survivors (2048K)
 Metaspace       used 97977K, committed 98688K, reserved 1179648K
  class space    used 13489K, committed 13824K, reserved 1048576K
}
Event: 59.523 GC heap after
{Heap after GC invocations=52 (full 0):
 garbage-first heap   total 121856K, used 73024K [0x0000000080000000, 0x0000000100000000)
  region size 1024K, 4 young (4096K), 4 survivors (4096K)
 Metaspace       used 97977K, committed 98688K, reserved 1179648K
  class space    used 13489K, committed 13824K, reserved 1048576K
}
Event: 60.698 GC heap before
{Heap before GC invocations=52 (full 0):
 garbage-first heap   total 121856K, used 103744K [0x0000000080000000, 0x0000000100000000)
  region size 1024K, 32 young (32768K), 4 survivors (4096K)
 Metaspace       used 99782K, committed 100480K, reserved 1179648K
  class space    used 13676K, committed 14016K, reserved 1048576K
}
Event: 60.713 GC heap after
{Heap after GC invocations=53 (full 0):
 garbage-first heap   total 121856K, used 80691K [0x0000000080000000, 0x0000000100000000)
  region size 1024K, 5 young (5120K), 5 survivors (5120K)
 Metaspace       used 99782K, committed 100480K, reserved 1179648K
  class space    used 13676K, committed 14016K, reserved 1048576K
}
Event: 62.231 GC heap before
{Heap before GC invocations=54 (full 0):
 garbage-first heap   total 143360K, used 102195K [0x0000000080000000, 0x0000000100000000)
  region size 1024K, 25 young (25600K), 5 survivors (5120K)
 Metaspace       used 101901K, committed 102656K, reserved 1179648K
  class space    used 13923K, committed 14272K, reserved 1048576K
}
Event: 62.251 GC heap after
{Heap after GC invocations=55 (full 0):
 garbage-first heap   total 143360K, used 79507K [0x0000000080000000, 0x0000000100000000)
  region size 1024K, 3 young (3072K), 3 survivors (3072K)
 Metaspace       used 101901K, committed 102656K, reserved 1179648K
  class space    used 13923K, committed 14272K, reserved 1048576K
}
Event: 62.488 GC heap before
{Heap before GC invocations=55 (full 0):
 garbage-first heap   total 143360K, used 83603K [0x0000000080000000, 0x0000000100000000)
  region size 1024K, 7 young (7168K), 3 survivors (3072K)
 Metaspace       used 102198K, committed 102976K, reserved 1179648K
  class space    used 13980K, committed 14336K, reserved 1048576K
}
Event: 62.500 GC heap after
{Heap after GC invocations=56 (full 0):
 garbage-first heap   total 143360K, used 79171K [0x0000000080000000, 0x0000000100000000)
  region size 1024K, 1 young (1024K), 1 survivors (1024K)
 Metaspace       used 102198K, committed 102976K, reserved 1179648K
  class space    used 13980K, committed 14336K, reserved 1048576K
}
Event: 64.396 GC heap before
{Heap before GC invocations=56 (full 0):
 garbage-first heap   total 143360K, used 119107K [0x0000000080000000, 0x0000000100000000)
  region size 1024K, 40 young (40960K), 1 survivors (1024K)
 Metaspace       used 102542K, committed 103296K, reserved 1179648K
  class space    used 14010K, committed 14400K, reserved 1048576K
}
Event: 64.408 GC heap after
{Heap after GC invocations=57 (full 0):
 garbage-first heap   total 281600K, used 81550K [0x0000000080000000, 0x0000000100000000)
  region size 1024K, 4 young (4096K), 4 survivors (4096K)
 Metaspace       used 102542K, committed 103296K, reserved 1179648K
  class space    used 14010K, committed 14400K, reserved 1048576K
}

